#
# There is insufficient memory for the Java Runtime Environment to continue.
# Native memory allocation (mmap) failed to map 266338304 bytes for G1 virtual space
# Possible reasons:
#   The system is out of physical RAM or swap space
#   The process is running with CompressedOops enabled, and the Java Heap may be blocking the growth of the native heap
# Possible solutions:
#   Reduce memory load on the system
#   Increase physical memory or swap space
#   Check if swap backing store is full
#   Decrease Java heap size (-Xmx/-Xms)
#   Decrease number of Java threads
#   Decrease Java thread stack sizes (-Xss)
#   Set larger code cache with -XX:ReservedCodeCacheSize=
#   JVM is running with Zero Based Compressed Oops mode in which the Java heap is
#     placed in the first 32GB address space. The Java Heap base address is the
#     maximum limit for the native heap growth. Please use -XX:HeapBaseMinAddress
#     to set the Java Heap base and to place the Java Heap above 32GB virtual address.
# This output file may be truncated or incomplete.
#
#  Out of Memory Error (os_windows.cpp:3600), pid=29824, tid=24132
#
# JRE version:  (21.0.2+13) (build )
# Java VM: Java HotSpot(TM) 64-Bit Server VM (21.0.2+13-LTS-58, mixed mode, sharing, tiered, compressed oops, compressed class ptrs, g1 gc, windows-amd64)
# No core dump will be written. Minidumps are not enabled by default on client versions of Windows
#

---------------  S U M M A R Y ------------

Command Line: -javaagent:C:\Program Files\JetBrains\IntelliJ IDEA 2023.3.3\lib\idea_rt.jar=60991:C:\Program Files\JetBrains\IntelliJ IDEA 2023.3.3\bin -Dfile.encoding=UTF-8 -Dsun.stdout.encoding=UTF-8 -Dsun.stderr.encoding=UTF-8 --module-path=C:\Users\Sapunov\.m2\repository\org\openjfx\javafx-controls\21\javafx-controls-21-win.jar;C:\Users\Sapunov\.m2\repository\com\fasterxml\jackson\core\jackson-annotations\2.14.2\jackson-annotations-2.14.2.jar;C:\Users\Sapunov\.m2\repository\org\kordamp\ikonli\ikonli-javafx\12.3.1\ikonli-javafx-12.3.1.jar;C:\Users\Sapunov\.m2\repository\org\controlsfx\controlsfx\11.1.2\controlsfx-11.1.2.jar;C:\Users\Sapunov\.m2\repository\com\gluonhq\attach\util\4.0.17\util-4.0.17.jar;C:\Users\Sapunov\.m2\repository\com\fasterxml\jackson\core\jackson-databind\2.14.2\jackson-databind-2.14.2.jar;C:\Users\Sapunov\.m2\repository\com\fasterxml\jackson\core\jackson-core\2.14.2\jackson-core-2.14.2.jar;C:\Users\Sapunov\.m2\repository\org\jetbrains\kotlin\kotlin-stdlib\1.8.10\kotlin-stdlib-1.8.10.jar;C:\Users\Sapunov\.m2\repository\org\kordamp\bootstrapfx\bootstrapfx-core\0.4.0\bootstrapfx-core-0.4.0.jar;C:\Users\Sapunov\.m2\repository\com\dlsc\formsfx\formsfx-core\11.6.0\formsfx-core-11.6.0.jar;C:\Users\Sapunov\.m2\repository\com\gluonhq\attach\lifecycle\4.0.17\lifecycle-4.0.17.jar;C:\Users\Sapunov\.m2\repository\com\github\almasb\fxgl-entity\17.3\fxgl-entity-17.3.jar;C:\Users\Sapunov\.m2\repository\org\openjfx\javafx-media\21\javafx-media-21-win.jar;C:\Users\Sapunov\.m2\repository\com\gluonhq\attach\audio\4.0.17\audio-4.0.17.jar;C:\Users\Sapunov\.m2\repository\com\github\almasb\fxgl-io\17.3\fxgl-io-17.3.jar;C:\Users\Sapunov\.m2\repository\org\xerial\sqlite-jdbc\3.45.3.0\sqlite-jdbc-3.45.3.0.jar;C:\Users\Sapunov\.m2\repository\com\github\almasb\fxgl-core\17.3\fxgl-core-17.3.jar;C:\Users\Sapunov\.m2\repository\net\synedra\validatorfx\0.4.0\validatorfx-0.4.0.jar;C:\Users\Sapunov\.m2\repository\com\gluonhq\attach\storage\4.0.17\storage-4.0.17.jar;E:\ÒÛÆÏÐÎÃÐÀÌÌÈÑÒ\4 êóðñ\1 Ñåìåñòð\QA\MyShop\MyShop\target\classes;C:\Users\Sapunov\.m2\repository\org\openjfx\javafx-graphics\21\javafx-graphics-21-win.jar;C:\Users\Sapunov\.m2\repository\com\github\almasb\fxgl-scene\17.3\fxgl-scene-17.3.-Djdk.module.main=shop.myshop shop.myshop/shop.myshop.Main

Host: Intel(R) Core(TM) i5-9300H CPU @ 2.40GHz, 8 cores, 15G,  Windows 10 , 64 bit Build 19041 (10.0.19041.1645)
Time: Mon Nov 25 15:51:16 2024  Windows 10 , 64 bit Build 19041 (10.0.19041.1645) elapsed time: 0.028299 seconds (0d 0h 0m 0s)

---------------  T H R E A D  ---------------

Current thread (0x000001db340d0130):  JavaThread "Unknown thread" [_thread_in_vm, id=24132, stack(0x000000665e800000,0x000000665e900000) (1024K)]

Stack: [0x000000665e800000,0x000000665e900000]
Native frames: (J=compiled Java code, j=interpreted, Vv=VM code, C=native code)
V  [jvm.dll+0x6cade9]
V  [jvm.dll+0x8569c1]
V  [jvm.dll+0x858d2e]
V  [jvm.dll+0x859413]
V  [jvm.dll+0x280e56]
V  [jvm.dll+0x6c74d5]
V  [jvm.dll+0x6bbeca]
V  [jvm.dll+0x355bca]
V  [jvm.dll+0x35d816]
V  [jvm.dll+0x3ae67e]
V  [jvm.dll+0x3ae928]
V  [jvm.dll+0x3295dc]
V  [jvm.dll+0x32a16b]
V  [jvm.dll+0x81efa9]
V  [jvm.dll+0x3bba01]
V  [jvm.dll+0x807928]
V  [jvm.dll+0x44f50e]
V  [jvm.dll+0x450e11]
C  [jli.dll+0x52a3]
C  [ucrtbase.dll+0x21bb2]
C  [KERNEL32.DLL+0x17034]
C  [ntdll.dll+0x52651]


---------------  P R O C E S S  ---------------

Threads class SMR info:
_java_thread_list=0x00007ffdb196bb88, length=0, elements={
}

Java Threads: ( => current thread )
Total: 0

Other Threads:
  0x000001db34135bd0 WorkerThread "GC Thread#0"                     [id=20720, stack(0x000000665e900000,0x000000665ea00000) (1024K)]
  0x000001db31edbc00 ConcurrentGCThread "G1 Main Marker"            [id=20372, stack(0x000000665ea00000,0x000000665eb00000) (1024K)]
  0x000001db31edc610 WorkerThread "G1 Conc#0"                       [id=12308, stack(0x000000665eb00000,0x000000665ec00000) (1024K)]

[error occurred during error reporting (printing all threads), id 0xc0000005, EXCEPTION_ACCESS_VIOLATION (0xc0000005) at pc=0x00007ffdb10dc6a7]
VM state: not at safepoint (not fully initialized)

VM Mutex/Monitor currently owned by a thread:  ([mutex/lock_event])
[0x00007ffdb19dce68] Heap_lock - owner thread: 0x000001db340d0130

Heap address: 0x0000000702800000, size: 4056 MB, Compressed Oops mode: Zero based, Oop shift amount: 3

CDS archive(s) mapped at: [0x0000000000000000-0x0000000000000000-0x0000000000000000), size 0, SharedBaseAddress: 0x0000000800000000, ArchiveRelocationMode: 1.
Narrow klass base: 0x0000000000000000, Narrow klass shift: 0, Narrow klass range: 0x0

GC Precious Log:
 CardTable entry size: 512
 Card Set container configuration: InlinePtr #cards 4 size 8 Array Of Cards #cards 16 size 48 Howl #buckets 8 coarsen threshold 3686 Howl Bitmap #cards 512 size 80 coarsen threshold 460 Card regions per heap region 1 cards per card region 4096

Heap:
 garbage-first heap   total 0K, used 0K [0x0000000702800000, 0x0000000800000000)
  region size 2048K, 0 young (0K), 0 survivors (0K)

[error occurred during error reporting (printing heap information), id 0xc0000005, EXCEPTION_ACCESS_VIOLATION (0xc0000005) at pc=0x00007ffdb14c39f9]
GC Heap History (0 events):
No events

Dll operation events (1 events):
Event: 0.017 Loaded shared library C:\Program Files\Java\jdk-21\bin\java.dll

Deoptimization events (0 events):
No events

Classes loaded (0 events):
No events

Classes unloaded (0 events):
No events

Classes redefined (0 events):
No events

Internal exceptions (0 events):
No events

ZGC Phase Switch (0 events):
No events

VM Operations (0 events):
No events

Events (0 events):
No events


Dynamic libraries:
0x00007ff760200000 - 0x00007ff760210000 	C:\Program Files\Java\jdk-21\bin\java.exe
0x00007ffe4dcb0000 - 0x00007ffe4dea5000 	C:\WINDOWS\SYSTEM32\ntdll.dll
0x00007ffe4c180000 - 0x00007ffe4c23e000 	C:\WINDOWS\System32\KERNEL32.DLL
0x00007ffe4ba40000 - 0x00007ffe4bd08000 	C:\WINDOWS\System32\KERNELBASE.dll
0x00007ffe4b490000 - 0x00007ffe4b590000 	C:\WINDOWS\System32\ucrtbase.dll
0x00007ffe281d0000 - 0x00007ffe281eb000 	C:\Program Files\Java\jdk-21\bin\VCRUNTIME140.dll
0x00007ffe28100000 - 0x00007ffe28119000 	C:\Program Files\Java\jdk-21\bin\jli.dll
0x00007ffe4d530000 - 0x00007ffe4d5de000 	C:\WINDOWS\System32\ADVAPI32.dll
0x00007ffe4da70000 - 0x00007ffe4db0e000 	C:\WINDOWS\System32\msvcrt.dll
0x00007ffe4d940000 - 0x00007ffe4d9dc000 	C:\WINDOWS\System32\sechost.dll
0x00007ffe4cf90000 - 0x00007ffe4d0b5000 	C:\WINDOWS\System32\RPCRT4.dll
0x00007ffe4d690000 - 0x00007ffe4d830000 	C:\WINDOWS\System32\USER32.dll
0x00007ffe4b960000 - 0x00007ffe4b982000 	C:\WINDOWS\System32\win32u.dll
0x00007ffe4d8f0000 - 0x00007ffe4d91a000 	C:\WINDOWS\System32\GDI32.dll
0x00007ffe4b630000 - 0x00007ffe4b73b000 	C:\WINDOWS\System32\gdi32full.dll
0x00007ffe18db0000 - 0x00007ffe1904a000 	C:\WINDOWS\WinSxS\amd64_microsoft.windows.common-controls_6595b64144ccf1df_6.0.19041.1110_none_60b5254171f9507e\COMCTL32.dll
0x00007ffe4b590000 - 0x00007ffe4b62d000 	C:\WINDOWS\System32\msvcp_win.dll
0x00007ffe43df0000 - 0x00007ffe43dfa000 	C:\WINDOWS\SYSTEM32\VERSION.dll
0x00007ffe4db10000 - 0x00007ffe4db40000 	C:\WINDOWS\System32\IMM32.DLL
0x00007ffe46b60000 - 0x00007ffe46b6c000 	C:\Program Files\Java\jdk-21\bin\vcruntime140_1.dll
0x00007ffe27c00000 - 0x00007ffe27c8e000 	C:\Program Files\Java\jdk-21\bin\msvcp140.dll
0x00007ffdb0da0000 - 0x00007ffdb1ab7000 	C:\Program Files\Java\jdk-21\bin\server\jvm.dll
0x00007ffe4cc20000 - 0x00007ffe4cc8b000 	C:\WINDOWS\System32\WS2_32.dll
0x00007ffe37210000 - 0x00007ffe37237000 	C:\WINDOWS\SYSTEM32\WINMM.dll
0x00007ffe4a960000 - 0x00007ffe4a9ab000 	C:\WINDOWS\SYSTEM32\POWRPROF.dll
0x00007ffe4a820000 - 0x00007ffe4a832000 	C:\WINDOWS\SYSTEM32\UMPDC.dll
0x00007ffe492f0000 - 0x00007ffe49302000 	C:\WINDOWS\SYSTEM32\kernel.appcore.dll
0x00007ffe45360000 - 0x00007ffe4536a000 	C:\Program Files\Java\jdk-21\bin\jimage.dll
0x00007ffe48aa0000 - 0x00007ffe48c84000 	C:\WINDOWS\SYSTEM32\DBGHELP.DLL
0x00007ffe326c0000 - 0x00007ffe326ec000 	C:\WINDOWS\SYSTEM32\dbgcore.DLL
0x00007ffe4b8a0000 - 0x00007ffe4b922000 	C:\WINDOWS\System32\bcryptPrimitives.dll
0x00007ffe38da0000 - 0x00007ffe38daf000 	C:\Program Files\Java\jdk-21\bin\instrument.dll
0x00007ffe27e40000 - 0x00007ffe27e5f000 	C:\Program Files\Java\jdk-21\bin\java.dll

dbghelp: loaded successfully - version: 4.0.5 - missing functions: none
symbol engine: initialized successfully - sym options: 0x614 - pdb path: .;C:\Program Files\Java\jdk-21\bin;C:\WINDOWS\SYSTEM32;C:\WINDOWS\WinSxS\amd64_microsoft.windows.common-controls_6595b64144ccf1df_6.0.19041.1110_none_60b5254171f9507e;C:\Program Files\Java\jdk-21\bin\server

VM Arguments:
jvm_args: -javaagent:C:\Program Files\JetBrains\IntelliJ IDEA 2023.3.3\lib\idea_rt.jar=60991:C:\Program Files\JetBrains\IntelliJ IDEA 2023.3.3\bin -Dfile.encoding=UTF-8 -Dsun.stdout.encoding=UTF-8 -Dsun.stderr.encoding=UTF-8 --module-path=C:\Users\Sapunov\.m2\repository\org\openjfx\javafx-controls\21\javafx-controls-21-win.jar;C:\Users\Sapunov\.m2\repository\com\fasterxml\jackson\core\jackson-annotations\2.14.2\jackson-annotations-2.14.2.jar;C:\Users\Sapunov\.m2\repository\org\kordamp\ikonli\ikonli-javafx\12.3.1\ikonli-javafx-12.3.1.jar;C:\Users\Sapunov\.m2\repository\org\controlsfx\controlsfx\11.1.2\controlsfx-11.1.2.jar;C:\Users\Sapunov\.m2\repository\com\gluonhq\attach\util\4.0.17\util-4.0.17.jar;C:\Users\Sapunov\.m2\repository\com\fasterxml\jackson\core\jackson-databind\2.14.2\jackson-databind-2.14.2.jar;C:\Users\Sapunov\.m2\repository\com\fasterxml\jackson\core\jackson-core\2.14.2\jackson-core-2.14.2.jar;C:\Users\Sapunov\.m2\repository\org\jetbrains\kotlin\kotlin-stdlib\1.8.10\kotlin-stdlib-1.8.10.jar;C:\Users\Sapunov\.m2\repository\org\kordamp\bootstrapfx\bootstrapfx-core\0.4.0\bootstrapfx-core-0.4.0.jar;C:\Users\Sapunov\.m2\repository\com\dlsc\formsfx\formsfx-core\11.6.0\formsfx-core-11.6.0.jar;C:\Users\Sapunov\.m2\repository\com\gluonhq\attach\lifecycle\4.0.17\lifecycle-4.0.17.jar;C:\Users\Sapunov\.m2\repository\com\github\almasb\fxgl-entity\17.3\fxgl-entity-17.3.jar;C:\Users\Sapunov\.m2\repository\org\openjfx\javafx-media\21\javafx-media-21-win.jar;C:\Users\Sapunov\.m2\repository\com\gluonhq\attach\audio\4.0.17\audio-4.0.17.jar;C:\Users\Sapunov\.m2\repository\com\github\almasb\fxgl-io\17.3\fxgl-io-17.3.jar;C:\Users\Sapunov\.m2\repository\org\xerial\sqlite-jdbc\3.45.3.0\sqlite-jdbc-3.45.3.0.jar;C:\Users\Sapunov\.m2\repository\com\github\almasb\fxgl-core\17.3\fxgl-core-17.3.jar;C:\Users\Sapunov\.m2\repository\net\synedra\validatorfx\0.4.0\validatorfx-0.4.0.jar;C:\Users\Sapunov\.m2\repository\com\gluonhq\attach\storage\4.0.17\storage-4.0.17.jar;E:\ÒÛÆÏÐÎÃÐÀÌÌÈÑÒ\4 êóðñ\1 Ñåìåñòð\QA\MyShop\MyShop\target\classes;C:\Users\Sapunov\.m2\repository\org\openjfx\javafx-graphics\21\javafx-graphics-21-win.jar;C:\Users\Sapunov\.m2\repository\com\github\almasb\fxgl-scene\17.3\fxgl-scene-17.3.-Djdk.module.main=shop.myshop 
java_command: shop.myshop/shop.myshop.Main
java_class_path (initial): C:\Users\Sapunov\.m2\repository\ch\qos\logback\logback-classic\1.4.11\logback-classic-1.4.11.jar;C:\Users\Sapunov\.m2\repository\ch\qos\logback\logback-core\1.4.11\logback-core-1.4.11.jar;C:\Users\Sapunov\.m2\repository\org\json\json\20240205\json-20240205.jar;C:\Users\Sapunov\.m2\repository\org\slf4j\slf4j-reload4j\1.7.36\slf4j-reload4j-1.7.36.jar;C:\Users\Sapunov\.m2\repository\ch\qos\reload4j\reload4j\1.2.19\reload4j-1.2.19.jar;C:\Users\Sapunov\.m2\repository\org\openjfx\javafx-controls\21\javafx-controls-21.jar;C:\Users\Sapunov\.m2\repository\org\openjfx\javafx-graphics\21\javafx-graphics-21.jar;C:\Users\Sapunov\.m2\repository\org\openjfx\javafx-base\21\javafx-base-21.jar;C:\Users\Sapunov\.m2\repository\org\openjfx\javafx-fxml\21\javafx-fxml-21.jar;C:\Users\Sapunov\.m2\repository\org\openjfx\javafx-web\21\javafx-web-21.jar;C:\Users\Sapunov\.m2\repository\org\openjfx\javafx-swing\21\javafx-swing-21.jar;C:\Users\Sapunov\.m2\repository\org\openjfx\javafx-swing\21\javafx-swing-21-win.jar;C:\Users\Sapunov\.m2\repository\org\openjfx\javafx-media\21\javafx-media-21.jar;C:\Users\Sapunov\.m2\repository\org\jetbrains\kotlin\kotlin-stdlib-common\1.8.10\kotlin-stdlib-common-1.8.10.jar;C:\Users\Sapunov\.m2\repository\org\jetbrains\annotations\13.0\annotations-13.0.jar
Launcher Type: SUN_STANDARD

[Global flags]
     intx CICompilerCount                          = 4                                         {product} {ergonomic}
     uint ConcGCThreads                            = 2                                         {product} {ergonomic}
     uint G1ConcRefinementThreads                  = 8                                         {product} {ergonomic}
   size_t G1HeapRegionSize                         = 2097152                                   {product} {ergonomic}
    uintx GCDrainStackTargetSize                   = 64                                        {product} {ergonomic}
   size_t InitialHeapSize                          = 266338304                                 {product} {ergonomic}
   size_t MarkStackSize                            = 4194304                                   {product} {ergonomic}
   size_t MaxHeapSize                              = 4253024256                                {product} {ergonomic}
   size_t MinHeapDeltaBytes                        = 2097152                                   {product} {ergonomic}
   size_t MinHeapSize                              = 8388608                                   {product} {ergonomic}
    uintx NonNMethodCodeHeapSize                   = 5839372                                {pd product} {ergonomic}
    uintx NonProfiledCodeHeapSize                  = 122909434                              {pd product} {ergonomic}
    uintx ProfiledCodeHeapSize                     = 122909434                              {pd product} {ergonomic}
    uintx ReservedCodeCacheSize                    = 251658240                              {pd product} {ergonomic}
     bool SegmentedCodeCache                       = true                                      {product} {ergonomic}
   size_t SoftMaxHeapSize                          = 4253024256                             {manageable} {ergonomic}
     bool UseCompressedOops                        = true                           {product lp64_product} {ergonomic}
     bool UseG1GC                                  = true                                      {product} {ergonomic}
     bool UseLargePagesIndividualAllocation        = false                                  {pd product} {ergonomic}

Logging:
Log output configuration:
 #0: stdout all=warning uptime,level,tags foldmultilines=false
 #1: stderr all=off uptime,level,tags foldmultilines=false

Environment Variables:
PATH=E:\Downloa\WINDOWS.X64_213000_db_home\bin;C:\Program Files\Common Files\Oracle\Java\javapath;C:\Windows\system32;C:\Windows;C:\Windows\System32\Wbem;C:\Windows\System32\WindowsPowerShell\v1.0\;C:\Windows\System32\OpenSSH\;C:\Program Files (x86)\NVIDIA Corporation\PhysX\Common;C:\Program Files\NVIDIA Corporation\NVIDIA NvDLISR;C:\Program Files (x86)\Rational\common;E:\Git\cmd;C:\WINDOWS\system32;C:\WINDOWS;C:\WINDOWS\System32\Wbem;C:\WINDOWS\System32\WindowsPowerShell\v1.0\;C:\WINDOWS\System32\OpenSSH\;C:\Program Files\dotnet\;C:\Program Files (x86)\dotnet\;C:\Program Files\PuTTY\;C:\Program Files (x86)\Rational\Common\java\jre\bin;C:\Program Files\MATLAB\R2024a\bin;C:\Program Files\MATLAB\R2023b\bin;C:\Users\Sapunov\AppData\Local\Programs\Python\Python312\Scripts\;C:\Users\Sapunov\AppData\Local\Programs\Python\Python312\;C:\Program Files\MySQL\MySQL Shell 8.0\bin\;C:\Users\Sapunov\AppData\Local\Microsoft\WindowsApps;C:\Users\Sapunov\AppData\Local\GitHubDesktop\bin;C:\Users\Sapunov\AppData\Local\gitkraken\bin;C:\Users\Sapunov\AppData\Local\Microsoft\WindowsApps;C:\Users\Sapunov\.dotnet\tools
USERNAME=Sapunov
OS=Windows_NT
PROCESSOR_IDENTIFIER=Intel64 Family 6 Model 158 Stepping 10, GenuineIntel
TMP=C:\Users\Sapunov\AppData\Local\Temp
TEMP=C:\Users\Sapunov\AppData\Local\Temp




Periodic native trim disabled

---------------  S Y S T E M  ---------------

OS:
 Windows 10 , 64 bit Build 19041 (10.0.19041.1645)
OS uptime: 21 days 20:17 hours

CPU: total 8 (initial active 8) (4 cores per cpu, 2 threads per core) family 6 model 158 stepping 10 microcode 0xd2, cx8, cmov, fxsr, ht, mmx, 3dnowpref, sse, sse2, sse3, ssse3, sse4.1, sse4.2, popcnt, lzcnt, tsc, tscinvbit, avx, avx2, aes, erms, clmul, bmi1, bmi2, adx, fma, vzeroupper, clflush, clflushopt, rdtscp, f16c
Processor Information for all 8 processors :
  Max Mhz: 2400, Current Mhz: 2400, Mhz Limit: 2400

Memory: 4k page, system-wide physical 16221M (342M free)
TotalPageFile size 35278M (AvailPageFile size 218M)
current process WorkingSet (physical memory assigned to process): 10M, peak: 10M
current process commit charge ("private bytes"): 60M, peak: 314M

vm_info: Java HotSpot(TM) 64-Bit Server VM (21.0.2+13-LTS-58) for windows-amd64 JRE (21.0.2+13-LTS-58), built on 2024-01-05T18:32:24Z by "mach5one" with MS VC++ 17.1 (VS2022)

END.
